<?xml version="1.0" encoding="UTF-8"?>
<!-- Generated by org.testng.reporters.JUnitReportReporter -->
<testsuite hostname="DESKTOP-K6LPIJ0" failures="0" tests="4" name="orangehromtestng.orangehrmTest" time="11.059" errors="0" timestamp="2024-09-11T15:36:22 IST" skipped="0">
  <testcase classname="orangehromtestng.orangehrmTest" name="open" time="7.749"/>
  <system-out/>
  <testcase classname="orangehromtestng.orangehrmTest" name="testLogo" time="0.795"/>
  <system-out/>
  <testcase classname="orangehromtestng.orangehrmTest" name="login" time="2.200"/>
  <system-out/>
  <testcase classname="orangehromtestng.orangehrmTest" name="logout" time="0.315"/>
  <system-out/>
</testsuite> <!-- orangehromtestng.orangehrmTest -->
